#
# A fatal error has been detected by the Java Runtime Environment:
#
#  EXCEPTION_ACCESS_VIOLATION (0xc0000005) at pc=0xffffffffa45c5120, pid=8072, tid=0x0000000000000fa0
#
# JRE version: Java(TM) SE Runtime Environment (8.0_102-b14) (build 1.8.0_102-b14)
# Java VM: Java HotSpot(TM) 64-Bit Server VM (25.102-b14 mixed mode windows-amd64 compressed oops)
# Problematic frame:
# C  0xffffffffa45c5120
#
# Failed to write core dump. Minidumps are not enabled by default on client versions of Windows
#
# If you would like to submit a bug report, please visit:
#   http://bugreport.java.com/bugreport/crash.jsp
#

---------------  T H R E A D  ---------------

Current thread (0x0000000017815800):  JavaThread "Daemon worker" [_thread_in_Java, id=4000, stack(0x0000000018f30000,0x0000000019030000)]

siginfo: ExceptionCode=0xc0000005, ExceptionInformation=0x0000000000000008 0xffffffffa45c5120

Registers:
RAX=0x0000000000000006, RBX=0x0000000000000001, RCX=0x0000000000000003, RDX=0x00000000f196b4c0
RSP=0x000000001902b118, RBP=0x000000001902b8d8, RSI=0x0000000000000006, RDI=0x0000000000000006
R8 =0x00000000f2507ec8, R9 =0x0000000000000000, R10=0x00000001006edde0, R11=0x0000000000000005
R12=0x0000000000000000, R13=0x000000001902b878, R14=0x0000000000000000, R15=0x0000000017815800
RIP=0xffffffffa45c5120, EFLAGS=0x0000000000010202

Top of Stack: (sp=0x000000001902b118)
0x000000001902b118:   0000000003b9e25c 00000000f2507d58
0x000000001902b128:   00000000f2507dc0 00000000f2247588
0x000000001902b138:   00000010000234bc 000000001902b8d8
0x000000001902b148:   0000000003b9e25c 00000000f196b4c0
0x000000001902b158:   00000000f2507ec8 0000000000000000
0x000000001902b168:   0000000017815800 000000001902b8d8
0x000000001902b178:   0000000003c4d974 00000000f196b4c0
0x000000001902b188:   00000000f2507e48 00000000f1d9d670
0x000000001902b198:   00000000f1e5a460 000000001902b8d8
0x000000001902b1a8:   0000000003c4dbb4 000000001902b8d8
0x000000001902b1b8:   0000000003c14b14 000000001902b2b8
0x000000001902b1c8:   00000000f2196580 00000000f2507cb8
0x000000001902b1d8:   0000000011380000 000000001902b320
0x000000001902b1e8:   000000001fd2d758 00000000f22473f8
0x000000001902b1f8:   0000000017815800 00000000000002c8
0x000000001902b208:   0000000000000000 00000000f2247588 

Instructions: (pc=0xffffffffa45c5120)
0xffffffffa45c5100:   
[error occurred during error reporting (printing registers, top of stack, instructions near pc), id 0xc0000005]

Register to memory mapping:

RAX=0x0000000000000006 is an unknown value
RBX=0x0000000000000001 is an unknown value
RCX=0x0000000000000003 is an unknown value
RDX=0x00000000f196b4c0 is an oop
com.sun.tools.javac.util.UnsharedNameTable 
 - klass: 'com/sun/tools/javac/util/UnsharedNameTable'
RSP=0x000000001902b118 is pointing into the stack for thread: 0x0000000017815800
RBP=0x000000001902b8d8 is pointing into the stack for thread: 0x0000000017815800
RSI=0x0000000000000006 is an unknown value
RDI=0x0000000000000006 is an unknown value
R8 =0x00000000f2507ec8 is an oop
[B 
 - klass: {type array byte}
 - length: 18
R9 =0x0000000000000000 is an unknown value
R10=0x00000001006edde0 is pointing into metadata
R11=0x0000000000000005 is an unknown value
R12=0x0000000000000000 is an unknown value
R13=0x000000001902b878 is pointing into the stack for thread: 0x0000000017815800
R14=0x0000000000000000 is an unknown value
R15=0x0000000017815800 is a thread


Stack: [0x0000000018f30000,0x0000000019030000],  sp=0x000000001902b118,  free space=1004k
Native frames: (J=compiled Java code, j=interpreted, Vv=VM code, C=native code)
C  0xffffffffa45c5120


---------------  P R O C E S S  ---------------

Java Threads: ( => current thread )
  0x000000001ae24000 JavaThread "pool-1-thread-4" [_thread_blocked, id=8476, stack(0x000000001f5a0000,0x000000001f6a0000)]
  0x000000001aa42800 JavaThread "pool-1-thread-3" [_thread_blocked, id=6740, stack(0x000000001f4a0000,0x000000001f5a0000)]
  0x000000001aa43800 JavaThread "pool-1-thread-2" [_thread_blocked, id=2276, stack(0x000000001dd30000,0x000000001de30000)]
  0x000000001aa41000 JavaThread "pool-1-thread-1" [_thread_blocked, id=9172, stack(0x000000001cbb0000,0x000000001ccb0000)]
  0x000000001bf96800 JavaThread "File lock request listener" [_thread_in_native, id=3548, stack(0x000000001b6d0000,0x000000001b7d0000)]
  0x0000000017827800 JavaThread "Stdin handler" [_thread_blocked, id=4464, stack(0x0000000019030000,0x0000000019130000)]
=>0x0000000017815800 JavaThread "Daemon worker" [_thread_in_Java, id=4000, stack(0x0000000018f30000,0x0000000019030000)]
  0x0000000017810000 JavaThread "Cancel handler" [_thread_blocked, id=6744, stack(0x0000000018e30000,0x0000000018f30000)]
  0x0000000017800800 JavaThread "Handler for socket connection from /127.0.0.1:57518 to /127.0.0.1:57519" [_thread_in_native, id=8148, stack(0x0000000018d30000,0x0000000018e30000)]
  0x0000000017800000 JavaThread "Daemon" [_thread_blocked, id=3256, stack(0x0000000018c30000,0x0000000018d30000)]
  0x00000000177de800 JavaThread "Incoming local TCP Connector on port 57518" [_thread_in_native, id=2084, stack(0x0000000018670000,0x0000000018770000)]
  0x00000000165f8800 JavaThread "Service Thread" daemon [_thread_blocked, id=2536, stack(0x00000000169c0000,0x0000000016ac0000)]
  0x0000000014c92000 JavaThread "C1 CompilerThread2" daemon [_thread_blocked, id=2624, stack(0x00000000164c0000,0x00000000165c0000)]
  0x0000000014c8b800 JavaThread "C2 CompilerThread1" daemon [_thread_blocked, id=7112, stack(0x00000000163c0000,0x00000000164c0000)]
  0x0000000014c9a000 JavaThread "C2 CompilerThread0" daemon [_thread_in_native, id=8536, stack(0x00000000162c0000,0x00000000163c0000)]
  0x0000000014c98800 JavaThread "Attach Listener" daemon [_thread_blocked, id=9192, stack(0x00000000161c0000,0x00000000162c0000)]
  0x0000000014c97000 JavaThread "Signal Dispatcher" daemon [_thread_blocked, id=1320, stack(0x00000000160c0000,0x00000000161c0000)]
  0x0000000014c7a800 JavaThread "Finalizer" daemon [_thread_blocked, id=4596, stack(0x0000000015ee0000,0x0000000015fe0000)]
  0x0000000014c59000 JavaThread "Reference Handler" daemon [_thread_blocked, id=5168, stack(0x0000000015de0000,0x0000000015ee0000)]
  0x00000000023be000 JavaThread "main" [_thread_blocked, id=8944, stack(0x00000000023c0000,0x00000000024c0000)]

Other Threads:
  0x0000000014c56800 VMThread [stack: 0x0000000015ce0000,0x0000000015de0000] [id=7848]
  0x00000000165fc000 WatcherThread [stack: 0x0000000016ac0000,0x0000000016bc0000] [id=2524]

VM state:not at safepoint (normal execution)

VM Mutex/Monitor currently owned by a thread: None

Heap:
 PSYoungGen      total 235520K, used 144823K [0x00000000eab00000, 0x00000000ffe00000, 0x0000000100000000)
  eden space 218624K, 58% used [0x00000000eab00000,0x00000000f27f01d8,0x00000000f8080000)
  from space 16896K, 99% used [0x00000000f8080000,0x00000000f90fdbd0,0x00000000f9100000)
  to   space 23552K, 0% used [0x00000000fe700000,0x00000000fe700000,0x00000000ffe00000)
 ParOldGen       total 48128K, used 30759K [0x00000000c0000000, 0x00000000c2f00000, 0x00000000eab00000)
  object space 48128K, 63% used [0x00000000c0000000,0x00000000c1e09ca0,0x00000000c2f00000)
 Metaspace       used 52233K, capacity 53288K, committed 53592K, reserved 1095680K
  class space    used 7139K, capacity 7461K, committed 7512K, reserved 1048576K

Card table byte_map: [0x0000000011980000,0x0000000011b90000] byte_map_base: 0x0000000011380000

Marking Bits: (ParMarkBitMap*) 0x0000000064e8a6c0
 Begin Bits: [0x00000000120f0000, 0x00000000130f0000)
 End Bits:   [0x00000000130f0000, 0x00000000140f0000)

Polling page: 0x0000000002250000

CodeCache: size=245760Kb used=23031Kb max_used=23042Kb free=222728Kb
 bounds [0x00000000025c0000, 0x0000000003c60000, 0x00000000115c0000]
 total_blobs=7370 nmethods=6648 adapters=636
 compilation: enabled

Compilation events (10 events):
Event: 31.828 Thread 0x0000000014c92000 7889       3       com.sun.tools.javac.parser.JavacParser::typetag (92 bytes)
Event: 31.828 Thread 0x0000000014c92000 nmethod 7889 0x0000000003c4b9d0 code [0x0000000003c4bb60, 0x0000000003c4be50]
Event: 31.828 Thread 0x0000000014c92000 7883       3       com.sun.tools.javac.tree.TreeMaker::VarDef (27 bytes)
Event: 31.828 Thread 0x0000000014c92000 nmethod 7883 0x0000000003c4bf50 code [0x0000000003c4c0c0, 0x0000000003c4c450]
Event: 31.828 Thread 0x0000000014c92000 7895       3       com.sun.tools.javac.parser.JavaTokenizer::scanIdent (739 bytes)
Event: 31.831 Thread 0x0000000014c92000 nmethod 7895 0x0000000003c4c650 code [0x0000000003c4c9c0, 0x0000000003c4e088]
Event: 31.831 Thread 0x0000000014c92000 7884       3       com.sun.tools.javac.tree.JCTree$JCVariableDecl::<init> (32 bytes)
Event: 31.832 Thread 0x0000000014c92000 nmethod 7884 0x0000000003c522d0 code [0x0000000003c52440, 0x0000000003c52710]
Event: 31.832 Thread 0x0000000014c92000 7890       3       com.sun.tools.javac.parser.JavacParser::bracketsSuffix (234 bytes)
Event: 31.832 Thread 0x0000000014c8b800 nmethod 7852 0x0000000003c52850 code [0x0000000003c529e0, 0x0000000003c532c8]

GC Heap History (10 events):
Event: 12.626 GC heap before
{Heap before GC invocations=9 (full 1):
 PSYoungGen      total 108032K, used 105714K [0x00000000eab00000, 0x00000000f5e80000, 0x0000000100000000)
  eden space 98304K, 100% used [0x00000000eab00000,0x00000000f0b00000,0x00000000f0b00000)
  from space 9728K, 76% used [0x00000000f0b00000,0x00000000f123c988,0x00000000f1480000)
  to   space 10752K, 0% used [0x00000000f5400000,0x00000000f5400000,0x00000000f5e80000)
 ParOldGen       total 33280K, used 9413K [0x00000000c0000000, 0x00000000c2080000, 0x00000000eab00000)
  object space 33280K, 28% used [0x00000000c0000000,0x00000000c09314b0,0x00000000c2080000)
 Metaspace       used 32650K, capacity 33170K, committed 33280K, reserved 1077248K
  class space    used 4409K, capacity 4594K, committed 4608K, reserved 1048576K
Event: 12.682 GC heap after
Heap after GC invocations=9 (full 1):
 PSYoungGen      total 168960K, used 10737K [0x00000000eab00000, 0x00000000f5e80000, 0x0000000100000000)
  eden space 158208K, 0% used [0x00000000eab00000,0x00000000eab00000,0x00000000f4580000)
  from space 10752K, 99% used [0x00000000f5400000,0x00000000f5e7c7e0,0x00000000f5e80000)
  to   space 12800K, 0% used [0x00000000f4580000,0x00000000f4580000,0x00000000f5200000)
 ParOldGen       total 33280K, used 10215K [0x00000000c0000000, 0x00000000c2080000, 0x00000000eab00000)
  object space 33280K, 30% used [0x00000000c0000000,0x00000000c09f9da0,0x00000000c2080000)
 Metaspace       used 32650K, capacity 33170K, committed 33280K, reserved 1077248K
  class space    used 4409K, capacity 4594K, committed 4608K, reserved 1048576K
}
Event: 13.156 GC heap before
{Heap before GC invocations=10 (full 1):
 PSYoungGen      total 168960K, used 49680K [0x00000000eab00000, 0x00000000f5e80000, 0x0000000100000000)
  eden space 158208K, 24% used [0x00000000eab00000,0x00000000ed107928,0x00000000f4580000)
  from space 10752K, 99% used [0x00000000f5400000,0x00000000f5e7c7e0,0x00000000f5e80000)
  to   space 12800K, 0% used [0x00000000f4580000,0x00000000f4580000,0x00000000f5200000)
 ParOldGen       total 33280K, used 10215K [0x00000000c0000000, 0x00000000c2080000, 0x00000000eab00000)
  object space 33280K, 30% used [0x00000000c0000000,0x00000000c09f9da0,0x00000000c2080000)
 Metaspace       used 34609K, capacity 35216K, committed 35416K, reserved 1079296K
  class space    used 4720K, capacity 4890K, committed 4952K, reserved 1048576K
Event: 13.201 GC heap after
Heap after GC invocations=10 (full 1):
 PSYoungGen      total 171008K, used 12217K [0x00000000eab00000, 0x00000000f9f80000, 0x0000000100000000)
  eden space 158208K, 0% used [0x00000000eab00000,0x00000000eab00000,0x00000000f4580000)
  from space 12800K, 95% used [0x00000000f4580000,0x00000000f516e698,0x00000000f5200000)
  to   space 14848K, 0% used [0x00000000f9100000,0x00000000f9100000,0x00000000f9f80000)
 ParOldGen       total 33280K, used 10223K [0x00000000c0000000, 0x00000000c2080000, 0x00000000eab00000)
  object space 33280K, 30% used [0x00000000c0000000,0x00000000c09fbda0,0x00000000c2080000)
 Metaspace       used 34609K, capacity 35216K, committed 35416K, reserved 1079296K
  class space    used 4720K, capacity 4890K, committed 4952K, reserved 1048576K
}
Event: 13.201 GC heap before
{Heap before GC invocations=11 (full 2):
 PSYoungGen      total 171008K, used 12217K [0x00000000eab00000, 0x00000000f9f80000, 0x0000000100000000)
  eden space 158208K, 0% used [0x00000000eab00000,0x00000000eab00000,0x00000000f4580000)
  from space 12800K, 95% used [0x00000000f4580000,0x00000000f516e698,0x00000000f5200000)
  to   space 14848K, 0% used [0x00000000f9100000,0x00000000f9100000,0x00000000f9f80000)
 ParOldGen       total 33280K, used 10223K [0x00000000c0000000, 0x00000000c2080000, 0x00000000eab00000)
  object space 33280K, 30% used [0x00000000c0000000,0x00000000c09fbda0,0x00000000c2080000)
 Metaspace       used 34609K, capacity 35216K, committed 35416K, reserved 1079296K
  class space    used 4720K, capacity 4890K, committed 4952K, reserved 1048576K
Event: 13.353 GC heap after
Heap after GC invocations=11 (full 2):
 PSYoungGen      total 171008K, used 0K [0x00000000eab00000, 0x00000000f9f80000, 0x0000000100000000)
  eden space 158208K, 0% used [0x00000000eab00000,0x00000000eab00000,0x00000000f4580000)
  from space 12800K, 0% used [0x00000000f4580000,0x00000000f4580000,0x00000000f5200000)
  to   space 14848K, 0% used [0x00000000f9100000,0x00000000f9100000,0x00000000f9f80000)
 ParOldGen       total 48128K, used 19717K [0x00000000c0000000, 0x00000000c2f00000, 0x00000000eab00000)
  object space 48128K, 40% used [0x00000000c0000000,0x00000000c1341768,0x00000000c2f00000)
 Metaspace       used 34609K, capacity 35216K, committed 35416K, reserved 1079296K
  class space    used 4720K, capacity 4890K, committed 4952K, reserved 1048576K
}
Event: 15.736 GC heap before
{Heap before GC invocations=12 (full 2):
 PSYoungGen      total 171008K, used 158208K [0x00000000eab00000, 0x00000000f9f80000, 0x0000000100000000)
  eden space 158208K, 100% used [0x00000000eab00000,0x00000000f4580000,0x00000000f4580000)
  from space 12800K, 0% used [0x00000000f4580000,0x00000000f4580000,0x00000000f5200000)
  to   space 14848K, 0% used [0x00000000f9100000,0x00000000f9100000,0x00000000f9f80000)
 ParOldGen       total 48128K, used 19717K [0x00000000c0000000, 0x00000000c2f00000, 0x00000000eab00000)
  object space 48128K, 40% used [0x00000000c0000000,0x00000000c1341768,0x00000000c2f00000)
 Metaspace       used 40164K, capacity 40964K, committed 41304K, reserved 1085440K
  class space    used 5476K, capacity 5656K, committed 5720K, reserved 1048576K
Event: 15.784 GC heap after
Heap after GC invocations=12 (full 2):
 PSYoungGen      total 233472K, used 14103K [0x00000000eab00000, 0x00000000fa480000, 0x0000000100000000)
  eden space 218624K, 0% used [0x00000000eab00000,0x00000000eab00000,0x00000000f8080000)
  from space 14848K, 94% used [0x00000000f9100000,0x00000000f9ec5ef8,0x00000000f9f80000)
  to   space 16896K, 0% used [0x00000000f8080000,0x00000000f8080000,0x00000000f9100000)
 ParOldGen       total 48128K, used 19725K [0x00000000c0000000, 0x00000000c2f00000, 0x00000000eab00000)
  object space 48128K, 40% used [0x00000000c0000000,0x00000000c1343768,0x00000000c2f00000)
 Metaspace       used 40164K, capacity 40964K, committed 41304K, reserved 1085440K
  class space    used 5476K, capacity 5656K, committed 5720K, reserved 1048576K
}
Event: 27.050 GC heap before
{Heap before GC invocations=13 (full 2):
 PSYoungGen      total 233472K, used 232727K [0x00000000eab00000, 0x00000000fa480000, 0x0000000100000000)
  eden space 218624K, 100% used [0x00000000eab00000,0x00000000f8080000,0x00000000f8080000)
  from space 14848K, 94% used [0x00000000f9100000,0x00000000f9ec5ef8,0x00000000f9f80000)
  to   space 16896K, 0% used [0x00000000f8080000,0x00000000f8080000,0x00000000f9100000)
 ParOldGen       total 48128K, used 19725K [0x00000000c0000000, 0x00000000c2f00000, 0x00000000eab00000)
  object space 48128K, 40% used [0x00000000c0000000,0x00000000c1343768,0x00000000c2f00000)
 Metaspace       used 47113K, capacity 48130K, committed 48344K, reserved 1091584K
  class space    used 6459K, capacity 6762K, committed 6872K, reserved 1048576K
Event: 27.204 GC heap after
Heap after GC invocations=13 (full 2):
 PSYoungGen      total 235520K, used 16886K [0x00000000eab00000, 0x00000000ffe00000, 0x0000000100000000)
  eden space 218624K, 0% used [0x00000000eab00000,0x00000000eab00000,0x00000000f8080000)
  from space 16896K, 99% used [0x00000000f8080000,0x00000000f90fdbd0,0x00000000f9100000)
  to   space 23552K, 0% used [0x00000000fe700000,0x00000000fe700000,0x00000000ffe00000)
 ParOldGen       total 48128K, used 30759K [0x00000000c0000000, 0x00000000c2f00000, 0x00000000eab00000)
  object space 48128K, 63% used [0x00000000c0000000,0x00000000c1e09ca0,0x00000000c2f00000)
 Metaspace       used 47113K, capacity 48130K, committed 48344K, reserved 1091584K
  class space    used 6459K, capacity 6762K, committed 6872K, reserved 1048576K
}

Deoptimization events (10 events):
Event: 30.984 Thread 0x0000000017815800 Uncommon trap: reason=unstable_if action=reinterpret pc=0x0000000003a35dec method=org.gradle.api.specs.OrSpec.isSatisfiedBy(Ljava/lang/Object;)Z @ 51
Event: 30.984 Thread 0x0000000017815800 Uncommon trap: reason=unstable_if action=reinterpret pc=0x0000000003a35dec method=org.gradle.api.specs.OrSpec.isSatisfiedBy(Ljava/lang/Object;)Z @ 51
Event: 30.985 Thread 0x0000000017815800 Uncommon trap: reason=unstable_if action=reinterpret pc=0x000000000287cfc4 method=org.gradle.api.internal.file.pattern.PatternMatcherFactory$PathMatcherBackedSpec.isSatisfiedBy(Lorg/gradle/api/file/RelativePath;)Z @ 11
Event: 30.985 Thread 0x0000000017815800 Uncommon trap: reason=unstable_if action=reinterpret pc=0x00000000029e4fac method=org.gradle.api.internal.file.pattern.PatternMatcherFactory$PathMatcherBackedSpec.isSatisfiedBy(Lorg/gradle/api/file/RelativePath;)Z @ 11
Event: 31.063 Thread 0x0000000017815800 Uncommon trap: reason=unstable_if action=reinterpret pc=0x0000000002aaf5f8 method=java.lang.ClassLoader.checkCerts(Ljava/lang/String;Ljava/security/CodeSource;)V @ 45
Event: 31.659 Thread 0x0000000017815800 Uncommon trap: reason=unstable_if action=reinterpret pc=0x0000000003403810 method=java.lang.StringCoding$StringDecoder.decode([BII)[C @ 20
Event: 31.671 Thread 0x0000000017815800 Uncommon trap: reason=unstable_if action=reinterpret pc=0x0000000003850714 method=java.util.regex.Pattern.sequence(Ljava/util/regex/Pattern$Node;)Ljava/util/regex/Pattern$Node; @ 201
Event: 31.755 Thread 0x0000000017815800 Uncommon trap: reason=unstable_if action=reinterpret pc=0x0000000003bf18f0 method=com.sun.tools.javac.util.Name$Table.equals([BI[BII)Z @ 22
Event: 31.803 Thread 0x0000000017815800 Uncommon trap: reason=unstable_if action=reinterpret pc=0x0000000003bb4648 method=com.sun.tools.javac.parser.UnicodeReader.scanChar()V @ 37
Event: 31.828 Thread 0x0000000017815800 Uncommon trap: reason=unstable_if action=reinterpret pc=0x0000000003c307ec method=com.sun.tools.javac.util.Name$Table.equals([BI[BII)Z @ 22

Internal exceptions (10 events):
Event: 25.137 Thread 0x0000000017815800 Exception <a 'java/lang/ClassNotFoundException': com/android/ide/common/res2/AssetSetCustomizer> (0x00000000f26271f0) thrown at [C:\re\workspace\8-2-build-windows-amd64-cygwin\jdk8u102\7268\hotspot\src\share\vm\classfile\systemDictionary.cpp, line 210]
Event: 25.143 Thread 0x0000000017815800 Exception <a 'java/lang/ClassNotFoundException': com/android/ide/common/res2/MergedAssetWriterBeanInfo> (0x00000000f2688aa0) thrown at [C:\re\workspace\8-2-build-windows-amd64-cygwin\jdk8u102\7268\hotspot\src\share\vm\classfile\systemDictionary.cpp, line 2_M¹@Í$9@
Event: 25.144 Thread 0x0000000017815800 Exception <a 'java/lang/ClassNotFoundException': com/android/ide/common/res2/MergeWriterBeanInfo> (0x00000000f2696f98) thrown at [C:\re\workspace\8-2-build-windows-amd64-cygwin\jdk8u102\7268\hotspot\src\share\vm\classfile\systemDictionary.cpp, line 210]
Event: 25.144 Thread 0x0000000017815800 Exception <a 'java/lang/ClassNotFoundException': com/android/ide/common/res2/MergeWriterCustomizer> (0x00000000f26a5810) thrown at [C:\re\workspace\8-2-build-windows-amd64-cygwin\jdk8u102\7268\hotspot\src\share\vm\classfile\systemDictionary.cpp, line 210]
Event: 25.145 Thread 0x0000000017815800 Exception <a 'java/lang/ClassNotFoundException': com/android/ide/common/res2/MergedAssetWriterCustomizer> (0x00000000f26b8bc8) thrown at [C:\re\workspace\8-2-build-windows-amd64-cygwin\jdk8u102\7268\hotspot\src\share\vm\classfile\systemDictionary.cpp, line¶÷·w59@
Event: 25.209 Thread 0x0000000017815800 Exception <a 'java/lang/NoSuchMethodError': <clinit>> (0x00000000f281a9f0) thrown at [C:\re\workspace\8-2-build-windows-amd64-cygwin\jdk8u102\7268\hotspot\src\share\vm\prims\jni.cpp, line 1613]
Event: 26.405 Thread 0x0000000017815800 Implicit null exception at 0x0000000002fefdd7 to 0x0000000002fefec3
Event: 29.148 Thread 0x0000000017815800 Implicit null exception at 0x00000000032e009f to 0x00000000032de2e9
Event: 29.148 Thread 0x0000000017815800 Implicit null exception at 0x00000000032e009f to 0x00000000032de2e9
Event: 29.158 Thread 0x0000000017815800 Implicit null exception at 0x00000000032e009f to 0x00000000032de2e9

Events (10 events):
Event: 31.720 loading class com/sun/tools/javac/parser/JavaTokenizer$BasicComment done
Event: 31.755 Thread 0x0000000017815800 Uncommon trap: trap_request=0xffffff65 fr.pc=0x0000000003bf18f0
Event: 31.755 Thread 0x0000000017815800 DEOPT PACKING pc=0x0000000003bf18f0 sp=0x000000001902aea0
Event: 31.755 Thread 0x0000000017815800 DEOPT UNPACKING pc=0x000000000260556a sp=0x000000001902ae20 mode 2
Event: 31.803 Thread 0x0000000017815800 Uncommon trap: trap_request=0xffffff65 fr.pc=0x0000000003bb4648
Event: 31.803 Thread 0x0000000017815800 DEOPT PACKING pc=0x0000000003bb4648 sp=0x000000001902b330
Event: 31.803 Thread 0x0000000017815800 DEOPT UNPACKING pc=0x000000000260556a sp=0x000000001902b2d8 mode 2
Event: 31.828 Thread 0x0000000017815800 Uncommon trap: trap_request=0xffffff65 fr.pc=0x0000000003c307ec
Event: 31.828 Thread 0x0000000017815800 DEOPT PACKING pc=0x0000000003c307ec sp=0x000000001902ade0
Event: 31.828 Thread 0x0000000017815800 DEOPT UNPACKING pc=0x000000000260556a sp=0x000000001902ab60 mode 2


Dynamic libraries:
0x00007ff651330000 - 0x00007ff651367000 	C:\Program Files\Java\jdk1.8.0_102\bin\java.exe
0x00007ffd55be0000 - 0x00007ffd55d8d000 	C:\Windows\SYSTEM32\ntdll.dll
0x00007ffd53640000 - 0x00007ffd5377e000 	C:\Windows\system32\KERNEL32.DLL
0x00007ffd53150000 - 0x00007ffd53265000 	C:\Windows\system32\KERNELBASE.dll
0x00007ffd518e0000 - 0x00007ffd5196e000 	C:\Windows\system32\apphelp.dll
0x00007ffd45aa0000 - 0x00007ffd45af3000 	C:\Windows\AppPatch\AppPatch64\AcGenral.DLL
0x00007ffd53930000 - 0x00007ffd539da000 	C:\Windows\system32\msvcrt.dll
0x00007ffd52de0000 - 0x00007ffd52e0e000 	C:\Windows\system32\SspiCli.dll
0x00007ffd551d0000 - 0x00007ffd55224000 	C:\Windows\system32\SHLWAPI.dll
0x00007ffd55050000 - 0x00007ffd551c7000 	C:\Windows\system32\USER32.dll
0x00007ffd55430000 - 0x00007ffd555c4000 	C:\Windows\system32\ole32.dll
0x00007ffd539e0000 - 0x00007ffd54f09000 	C:\Windows\system32\SHELL32.dll
0x00007ffd522e0000 - 0x00007ffd52301000 	C:\Windows\SYSTEM32\USERENV.dll
0x00007ffd53580000 - 0x00007ffd5362a000 	C:\Windows\system32\ADVAPI32.dll
0x00007ffd48110000 - 0x00007ffd4812e000 	C:\Windows\SYSTEM32\MPR.dll
0x00007ffd54f10000 - 0x00007ffd55050000 	C:\Windows\system32\RPCRT4.dll
0x00007ffd53850000 - 0x00007ffd538a9000 	C:\Windows\SYSTEM32\sechost.dll
0x00007ffd55680000 - 0x00007ffd55891000 	C:\Windows\SYSTEM32\combase.dll
0x00007ffd558a0000 - 0x00007ffd559ef000 	C:\Windows\system32\GDI32.dll
0x00007ffd52d10000 - 0x00007ffd52d25000 	C:\Windows\SYSTEM32\profapi.dll
0x00007ffd51290000 - 0x00007ffd51342000 	C:\Windows\SYSTEM32\SHCORE.dll
0x00007ffd55640000 - 0x00007ffd55676000 	C:\Windows\system32\IMM32.DLL
0x00007ffd53420000 - 0x00007ffd53572000 	C:\Windows\system32\MSCTF.dll
0x00007ffd50980000 - 0x00007ffd50bfb000 	C:\Windows\WinSxS\amd64_microsoft.windows.common-controls_6595b64144ccf1df_6.0.9600.18006_none_623f33d3ecbe86e8\COMCTL32.dll
0x00000000641e0000 - 0x00000000642b1000 	C:\Program Files\Java\jdk1.8.0_102\jre\bin\msvcr100.dll
0x0000000064670000 - 0x0000000064f0a000 	C:\Program Files\Java\jdk1.8.0_102\jre\bin\server\jvm.dll
0x00007ffd4ac10000 - 0x00007ffd4ac19000 	C:\Windows\SYSTEM32\WSOCK32.dll
0x00007ffd4f400000 - 0x00007ffd4f422000 	C:\Windows\SYSTEM32\WINMM.dll
0x00007ffd4f800000 - 0x00007ffd4f80a000 	C:\Windows\SYSTEM32\VERSION.dll
0x00007ffd53630000 - 0x00007ffd53637000 	C:\Windows\system32\PSAPI.DLL
0x00007ffd55ac0000 - 0x00007ffd55b1a000 	C:\Windows\system32\WS2_32.dll
0x00007ffd4f360000 - 0x00007ffd4f38a000 	C:\Windows\SYSTEM32\WINMMBASE.dll
0x00007ffd55630000 - 0x00007ffd55639000 	C:\Windows\system32\NSI.dll
0x00007ffd530a0000 - 0x00007ffd530ef000 	C:\Windows\SYSTEM32\cfgmgr32.dll
0x00007ffd51b30000 - 0x00007ffd51b58000 	C:\Windows\SYSTEM32\DEVOBJ.dll
0x0000000064660000 - 0x000000006466f000 	C:\Program Files\Java\jdk1.8.0_102\jre\bin\verify.dll
0x0000000064630000 - 0x0000000064659000 	C:\Program Files\Java\jdk1.8.0_102\jre\bin\java.dll
0x0000000064610000 - 0x0000000064626000 	C:\Program Files\Java\jdk1.8.0_102\jre\bin\zip.dll
0x00000000645f0000 - 0x000000006460a000 	C:\Program Files\Java\jdk1.8.0_102\jre\bin\net.dll
0x00007ffd52550000 - 0x00007ffd525a9000 	C:\Windows\system32\mswsock.dll
0x00000000645d0000 - 0x00000000645e1000 	C:\Program Files\Java\jdk1.8.0_102\jre\bin\nio.dll
0x00007ffd46f30000 - 0x00007ffd46f42000 	C:\Users\James\.gradle\native\19\windows-amd64\native-platform.dll
0x00007ffd4ccc0000 - 0x00007ffd4ccea000 	C:\Windows\SYSTEM32\IPHLPAPI.DLL
0x00007ffd4d9b0000 - 0x00007ffd4d9ba000 	C:\Windows\SYSTEM32\WINNSI.DLL
0x00007ffd4c870000 - 0x00007ffd4c886000 	C:\Windows\SYSTEM32\dhcpcsvc6.DLL
0x00007ffd4c650000 - 0x00007ffd4c66a000 	C:\Windows\SYSTEM32\dhcpcsvc.DLL
0x00007ffd525b0000 - 0x00007ffd525d0000 	C:\Windows\SYSTEM32\CRYPTSP.dll
0x00007ffd521d0000 - 0x00007ffd52206000 	C:\Windows\system32\rsaenh.dll
0x00007ffd52860000 - 0x00007ffd52886000 	C:\Windows\SYSTEM32\bcrypt.dll
0x00007ffd52b70000 - 0x00007ffd52bd3000 	C:\Windows\system32\bcryptprimitives.dll
0x00007ffd52be0000 - 0x00007ffd52beb000 	C:\Windows\SYSTEM32\CRYPTBASE.dll
0x00000000643d0000 - 0x00000000643dd000 	C:\Program Files\Java\jdk1.8.0_102\jre\bin\management.dll
0x00007ffd44630000 - 0x00007ffd447b9000 	C:\Windows\SYSTEM32\dbghelp.dll

VM Arguments:
jvm_args: -XX:MaxPermSize=256m -XX:+HeapDumpOnOutOfMemoryError -Xmx1024m -Dfile.encoding=windows-1252 -Duser.country=AU -Duser.language=en -Duser.variant 
java_command: org.gradle.launcher.daemon.bootstrap.GradleDaemon 2.10
java_class_path (initial): C:\Program Files\Android\Android Studio\gradle\gradle-2.10\lib\gradle-launcher-2.10.jar
Launcher Type: SUN_STANDARD

Environment Variables:
PATH=C:\Program Files (x86)\NVIDIA Corporation\PhysX\Common;C:\ProgramData\Oracle\Java\javapath;C:\Windows\system32;C:\Windows;C:\Windows\System32\Wbem;C:\Windows\System32\WindowsPowerShell\v1.0\;C:\Program Files (x86)\Skype\Phone\;C:\Program Files\Microsoft SQL Server\130\Tools\Binn\;C:\Program Files (x86)\Windows Kits\10\Windows Performance Toolkit\
USERNAME=James
OS=Windows_NT
PROCESSOR_IDENTIFIER=Intel64 Family 6 Model 15 Stepping 11, GenuineIntel



---------------  S Y S T E M  ---------------

OS: Windows 8.1 , 64 bit Build 9600 (6.3.9600.17415)

CPU:total 4 (4 cores per cpu, 1 threads per core) family 6 model 15 stepping 11, cmov, cx8, fxsr, mmx, sse, sse2, sse3, ssse3, tsc

Memory: 4k page, physical 3143604k(484120k free), swap 7840204k(2603956k free)

vm_info: Java HotSpot(TM) 64-Bit Server VM (25.102-b14) for windows-amd64 JRE (1.8.0_102-b14), built on Jun 22 2016 13:15:21 by "java_re" with MS VC++ 10.0 (VS2010)

time: Wed Aug 24 18:48:46 2016
elapsed time: 31 seconds (0d 0h 0m 31s)

