#
# A fatal error has been detected by the Java Runtime Environment:
#
#  EXCEPTION_ACCESS_VIOLATION (0xc0000005) at pc=0xffffffffa31d5120, pid=9072, tid=0x00000000000019e0
#
# JRE version: Java(TM) SE Runtime Environment (8.0_102-b14) (build 1.8.0_102-b14)
# Java VM: Java HotSpot(TM) 64-Bit Server VM (25.102-b14 mixed mode windows-amd64 compressed oops)
# Problematic frame:
# C  0xffffffffa31d5120
#
# Failed to write core dump. Minidumps are not enabled by default on client versions of Windows
#
# If you would like to submit a bug report, please visit:
#   http://bugreport.java.com/bugreport/crash.jsp
#

---------------  T H R E A D  ---------------

Current thread (0x000000001629d000):  JavaThread "pool-2-thread-4" [_thread_in_Java, id=6624, stack(0x0000000016be0000,0x0000000016ce0000)]

siginfo: ExceptionCode=0xc0000005, ExceptionInformation=0x0000000000000008 0xffffffffa31d5120

Registers:
RAX=0x00000000143fa3c8, RBX=0x00000000143fa3c8, RCX=0x00000000eb59f880, RDX=0x00000000eb59f880
RSP=0x0000000016cdeaf8, RBP=0x0000000016cdeb60, RSI=0x0000000000000009, RDI=0x0000000000000004
R8 =0x0000000000000001, R9 =0x0000000000000000, R10=0x0000000064e6c0c0, R11=0x00000000023c14e0
R12=0x0000000000000000, R13=0x0000000016cdeb08, R14=0x0000000016cdeb90, R15=0x000000001629d000
RIP=0xffffffffa31d5120, EFLAGS=0x0000000000010206

Top of Stack: (sp=0x0000000016cdeaf8)
0x0000000016cdeaf8:   00000000021d7e20 00000000021d7e20
0x0000000016cdeb08:   0000000000000001 00000000eb59f880
0x0000000016cdeb18:   00000000eb59da60 0000000016cdeb20
0x0000000016cdeb28:   00000000144099ea 0000000016cdeb90
0x0000000016cdeb38:   000000001440e1a8 0000000000000000
0x0000000016cdeb48:   0000000014409a58 0000000016cdeb08
0x0000000016cdeb58:   0000000016cdeb80 0000000016cdebd8
0x0000000016cdeb68:   00000000021d809d 0000000000000001
0x0000000016cdeb78:   0000000000000003 00000000eb59f880
0x0000000016cdeb88:   00000000eb583918 00000000eb2e78f0
0x0000000016cdeb98:   0000000016cdeb98 0000000014409bbd
0x0000000016cdeba8:   0000000016cdebf8 000000001440e1a8
0x0000000016cdebb8:   0000000000000000 0000000014409c10
0x0000000016cdebc8:   0000000016cdeb80 0000000016cdebf0
0x0000000016cdebd8:   0000000016cdec40 00000000021d809d
0x0000000016cdebe8:   0000000000000000 00000000eb583918 

Instructions: (pc=0xffffffffa31d5120)
0xffffffffa31d5100:   
[error occurred during error reporting (printing registers, top of stack, instructions near pc), id 0xc0000005]

Register to memory mapping:

RAX={method} {0x00000000143fa3d0} 'get' '(I)Lcom/android/dx/rop/code/RegisterSpec;' in 'com/android/dx/rop/code/RegisterSpecList'
RBX={method} {0x00000000143fa3d0} 'get' '(I)Lcom/android/dx/rop/code/RegisterSpec;' in 'com/android/dx/rop/code/RegisterSpecList'
RCX=0x00000000eb59f880 is an oop
com.android.dx.rop.code.RegisterSpecList 
 - klass: 'com/android/dx/rop/code/RegisterSpecList'
RDX=0x00000000eb59f880 is an oop
com.android.dx.rop.code.RegisterSpecList 
 - klass: 'com/android/dx/rop/code/RegisterSpecList'
RSP=0x0000000016cdeaf8 is pointing into the stack for thread: 0x000000001629d000
RBP=0x0000000016cdeb60 is pointing into the stack for thread: 0x000000001629d000
RSI=0x0000000000000009 is an unknown value
RDI=0x0000000000000004 is an unknown value
R8 =0x0000000000000001 is an unknown value
R9 =0x0000000000000000 is an unknown value
R10=0x0000000064e6c0c0 is an unknown value
R11=0x00000000023c14e0 is at entry_point+32 in (nmethod*)0x00000000023c1350
R12=0x0000000000000000 is an unknown value
R13=0x0000000016cdeb08 is pointing into the stack for thread: 0x000000001629d000
R14=0x0000000016cdeb90 is pointing into the stack for thread: 0x000000001629d000
R15=0x000000001629d000 is a thread


Stack: [0x0000000016be0000,0x0000000016ce0000],  sp=0x0000000016cdeaf8,  free space=1018k
Native frames: (J=compiled Java code, j=interpreted, Vv=VM code, C=native code)
C  0xffffffffa31d5120


---------------  P R O C E S S  ---------------

Java Threads: ( => current thread )
=>0x000000001629d000 JavaThread "pool-2-thread-4" [_thread_in_Java, id=6624, stack(0x0000000016be0000,0x0000000016ce0000)]
  0x0000000016287000 JavaThread "pool-2-thread-3" [_thread_in_vm, id=1044, stack(0x0000000016ae0000,0x0000000016be0000)]
  0x0000000016286800 JavaThread "pool-2-thread-2" [_thread_in_vm, id=5404, stack(0x00000000169e0000,0x0000000016ae0000)]
  0x000000001627d800 JavaThread "pool-3-thread-1" [_thread_blocked, id=6784, stack(0x00000000168e0000,0x00000000169e0000)]
  0x000000001627d000 JavaThread "pool-2-thread-1" [_thread_in_vm, id=8592, stack(0x00000000167e0000,0x00000000168e0000)]
  0x00000000160e6000 JavaThread "Service Thread" daemon [_thread_blocked, id=200, stack(0x00000000165e0000,0x00000000166e0000)]
  0x00000000148fe000 JavaThread "C1 CompilerThread2" daemon [_thread_in_vm, id=5540, stack(0x00000000164e0000,0x00000000165e0000)]
  0x00000000148f5800 JavaThread "C2 CompilerThread1" daemon [_thread_blocked, id=8916, stack(0x0000000015fe0000,0x00000000160e0000)]
  0x000000001489c800 JavaThread "C2 CompilerThread0" daemon [_thread_blocked, id=2180, stack(0x0000000015ee0000,0x0000000015fe0000)]
  0x000000001489a800 JavaThread "Attach Listener" daemon [_thread_blocked, id=4036, stack(0x0000000015de0000,0x0000000015ee0000)]
  0x0000000014899000 JavaThread "Signal Dispatcher" daemon [_thread_blocked, id=2724, stack(0x0000000015ce0000,0x0000000015de0000)]
  0x000000001488a800 JavaThread "Finalizer" daemon [_thread_blocked, id=7996, stack(0x0000000015b00000,0x0000000015c00000)]
  0x0000000014869000 JavaThread "Reference Handler" daemon [_thread_blocked, id=5412, stack(0x0000000015a00000,0x0000000015b00000)]
  0x0000000002000800 JavaThread "main" [_thread_in_vm, id=7280, stack(0x0000000001e50000,0x0000000001f50000)]

Other Threads:
  0x0000000014866800 VMThread [stack: 0x0000000015900000,0x0000000015a00000] [id=5572]
  0x0000000016103800 WatcherThread [stack: 0x00000000166e0000,0x00000000167e0000] [id=8124]

VM state:synchronizing (normal execution)

VM Mutex/Monitor currently owned by a thread:  ([mutex/lock_event])
[0x00000000021cc170] Safepoint_lock - owner thread: 0x0000000014866800
[0x00000000021cc5f0] Threads_lock - owner thread: 0x0000000014866800
[0x00000000021cbbf0] Heap_lock - owner thread: 0x000000001627d000

Heap:
 PSYoungGen      total 14336K, used 12288K [0x00000000eab00000, 0x00000000ebb00000, 0x0000000100000000)
  eden space 12288K, 100% used [0x00000000eab00000,0x00000000eb700000,0x00000000eb700000)
  from space 2048K, 0% used [0x00000000eb900000,0x00000000eb900000,0x00000000ebb00000)
  to   space 2048K, 0% used [0x00000000eb700000,0x00000000eb700000,0x00000000eb900000)
 ParOldGen       total 32768K, used 0K [0x00000000c0000000, 0x00000000c2000000, 0x00000000eab00000)
  object space 32768K, 0% used [0x00000000c0000000,0x00000000c0000000,0x00000000c2000000)
 Metaspace       used 5636K, capacity 6642K, committed 6784K, reserved 1056768K
  class space    used 597K, capacity 618K, committed 640K, reserved 1048576K

Card table byte_map: [0x0000000011590000,0x00000000117a0000] byte_map_base: 0x0000000010f90000

Marking Bits: (ParMarkBitMap*) 0x0000000064e8a6c0
 Begin Bits: [0x0000000011d00000, 0x0000000012d00000)
 End Bits:   [0x0000000012d00000, 0x0000000013d00000)

Polling page: 0x0000000000660000

CodeCache: size=245760Kb used=2717Kb max_used=2717Kb free=243042Kb
 bounds [0x00000000021d0000, 0x0000000002480000, 0x00000000111d0000]
 total_blobs=955 nmethods=688 adapters=182
 compilation: enabled

Compilation events (10 events):
Event: 1.175 Thread 0x00000000148fe000 nmethod 604 0x0000000002433310 code [0x0000000002433460, 0x0000000002433610]
Event: 1.175 Thread 0x00000000148fe000  605       3       com.android.dx.ssa.SsaInsn::getLocalAssignment (24 bytes)
Event: 1.175 Thread 0x00000000148fe000 nmethod 605 0x0000000002432e50 code [0x0000000002432fc0, 0x0000000002433250]
Event: 1.175 Thread 0x00000000148fe000  601       3       java.util.ArrayList::toArray (12 bytes)
Event: 1.175 Thread 0x00000000148fe000 nmethod 601 0x0000000002432950 code [0x0000000002432ac0, 0x0000000002432d68]
Event: 1.175 Thread 0x00000000148fe000  599       3       com.android.dx.ssa.SCCP::addBlockToWorklist (47 bytes)
Event: 1.175 Thread 0x00000000148f5800 nmethod 608 0x000000000242b290 code [0x000000000242b3c0, 0x000000000242b438]
Event: 1.175 Thread 0x00000000148f5800  609       4       java.util.ArrayList::rangeCheck (22 bytes)
Event: 1.176 Thread 0x000000001489c800 nmethod 606 0x00000000024325d0 code [0x0000000002432720, 0x00000000024327f8]
Event: 1.176 Thread 0x00000000148f5800 nmethod 609 0x0000000002436890 code [0x00000000024369c0, 0x0000000002436a38]

GC Heap History (0 events):
No events

Deoptimization events (0 events):
No events

Internal exceptions (2 events):
Event: 0.133 Thread 0x0000000002000800 Exception <a 'java/lang/NoSuchMethodError': Method sun.misc.Unsafe.defineClass(Ljava/lang/String;[BII)Ljava/lang/Class; name or signature does not match> (0x00000000eab07c78) thrown at [C:\re\workspace\8-2-build-windows-amd64-cygwin\jdk8u102\7268\hotspot\s;zH7‰Á?
Event: 0.133 Thread 0x0000000002000800 Exception <a 'java/lang/NoSuchMethodError': Method sun.misc.Unsafe.prefetchRead(Ljava/lang/Object;J)V name or signature does not match> (0x00000000eab07f60) thrown at [C:\re\workspace\8-2-build-windows-amd64-cygwin\jdk8u102\7268\hotspot\src\share\vm\prims\

Events (10 events):
Event: 1.010 loading class com/android/dx/ssa/back/FirstFitLocalCombiningAllocator$Multiset
Event: 1.010 loading class com/android/dx/ssa/back/FirstFitLocalCombiningAllocator$Multiset done
Event: 1.023 loading class java/util/TreeMap$EntrySet
Event: 1.023 loading class java/util/TreeMap$EntrySet done
Event: 1.023 loading class java/util/TreeMap$EntryIterator
Event: 1.023 loading class java/util/TreeMap$EntryIterator done
Event: 1.028 loading class com/android/dx/cf/code/BytecodeArray$ConstantParserVisitor
Event: 1.028 loading class com/android/dx/cf/code/BytecodeArray$ConstantParserVisitor done
Event: 1.133 loading class com/android/dx/dex/file/FieldAnnotationStruct
Event: 1.133 loading class com/android/dx/dex/file/FieldAnnotationStruct done


Dynamic libraries:
0x00007ff651330000 - 0x00007ff651367000 	C:\Program Files\Java\jdk1.8.0_102\bin\java.exe
0x00007ffd55be0000 - 0x00007ffd55d8d000 	C:\Windows\SYSTEM32\ntdll.dll
0x00007ffd53640000 - 0x00007ffd5377e000 	C:\Windows\system32\KERNEL32.DLL
0x00007ffd53150000 - 0x00007ffd53265000 	C:\Windows\system32\KERNELBASE.dll
0x00007ffd518e0000 - 0x00007ffd5196e000 	C:\Windows\system32\apphelp.dll
0x00007ffd45aa0000 - 0x00007ffd45af3000 	C:\Windows\AppPatch\AppPatch64\AcGenral.DLL
0x00007ffd53930000 - 0x00007ffd539da000 	C:\Windows\system32\msvcrt.dll
0x00007ffd52de0000 - 0x00007ffd52e0e000 	C:\Windows\system32\SspiCli.dll
0x00007ffd551d0000 - 0x00007ffd55224000 	C:\Windows\system32\SHLWAPI.dll
0x00007ffd55050000 - 0x00007ffd551c7000 	C:\Windows\system32\USER32.dll
0x00007ffd55430000 - 0x00007ffd555c4000 	C:\Windows\system32\ole32.dll
0x00007ffd539e0000 - 0x00007ffd54f09000 	C:\Windows\system32\SHELL32.dll
0x00007ffd522e0000 - 0x00007ffd52301000 	C:\Windows\SYSTEM32\USERENV.dll
0x00007ffd53580000 - 0x00007ffd5362a000 	C:\Windows\system32\ADVAPI32.dll
0x00007ffd48110000 - 0x00007ffd4812e000 	C:\Windows\SYSTEM32\MPR.dll
0x00007ffd54f10000 - 0x00007ffd55050000 	C:\Windows\system32\RPCRT4.dll
0x00007ffd53850000 - 0x00007ffd538a9000 	C:\Windows\SYSTEM32\sechost.dll
0x00007ffd55680000 - 0x00007ffd55891000 	C:\Windows\SYSTEM32\combase.dll
0x00007ffd558a0000 - 0x00007ffd559ef000 	C:\Windows\system32\GDI32.dll
0x00007ffd52d10000 - 0x00007ffd52d25000 	C:\Windows\SYSTEM32\profapi.dll
0x00007ffd51290000 - 0x00007ffd51342000 	C:\Windows\SYSTEM32\SHCORE.dll
0x00007ffd55640000 - 0x00007ffd55676000 	C:\Windows\system32\IMM32.DLL
0x00007ffd53420000 - 0x00007ffd53572000 	C:\Windows\system32\MSCTF.dll
0x00007ffd50980000 - 0x00007ffd50bfb000 	C:\Windows\WinSxS\amd64_microsoft.windows.common-controls_6595b64144ccf1df_6.0.9600.18006_none_623f33d3ecbe86e8\COMCTL32.dll
0x0000000063870000 - 0x0000000063941000 	C:\Program Files\Java\jdk1.8.0_102\jre\bin\msvcr100.dll
0x0000000064670000 - 0x0000000064f0a000 	C:\Program Files\Java\jdk1.8.0_102\jre\bin\server\jvm.dll
0x00007ffd4ac10000 - 0x00007ffd4ac19000 	C:\Windows\SYSTEM32\WSOCK32.dll
0x00007ffd4f400000 - 0x00007ffd4f422000 	C:\Windows\SYSTEM32\WINMM.dll
0x00007ffd4f800000 - 0x00007ffd4f80a000 	C:\Windows\SYSTEM32\VERSION.dll
0x00007ffd53630000 - 0x00007ffd53637000 	C:\Windows\system32\PSAPI.DLL
0x00007ffd55ac0000 - 0x00007ffd55b1a000 	C:\Windows\system32\WS2_32.dll
0x00007ffd4f360000 - 0x00007ffd4f38a000 	C:\Windows\SYSTEM32\WINMMBASE.dll
0x00007ffd55630000 - 0x00007ffd55639000 	C:\Windows\system32\NSI.dll
0x00007ffd530a0000 - 0x00007ffd530ef000 	C:\Windows\SYSTEM32\cfgmgr32.dll
0x00007ffd51b30000 - 0x00007ffd51b58000 	C:\Windows\SYSTEM32\DEVOBJ.dll
0x0000000064660000 - 0x000000006466f000 	C:\Program Files\Java\jdk1.8.0_102\jre\bin\verify.dll
0x0000000064630000 - 0x0000000064659000 	C:\Program Files\Java\jdk1.8.0_102\jre\bin\java.dll
0x0000000064610000 - 0x0000000064626000 	C:\Program Files\Java\jdk1.8.0_102\jre\bin\zip.dll
0x00007ffd44630000 - 0x00007ffd447b9000 	C:\Windows\SYSTEM32\dbghelp.dll

VM Arguments:
jvm_args: -Djava.awt.headless=true -Xmx1024M -Dfile.encoding=windows-1252 -Duser.country=AU -Duser.language=en -Duser.variant 
java_command: com.android.dx.command.Main --dex --force-jumbo --num-threads=4 --multi-dex --output C:\Users\James\AndroidStudioProjects\JobRecord\app\build\intermediates\transforms\dex\debug\folders\1000\10\instant-run_2fd79ea1583e0c92d20a22918ebc9cde3c5775b6 C:\Users\James\AndroidStudioProjects\JobRecord\app\build\intermediates\incremental-runtime-classes\debug\instant-run.jar
java_class_path (initial): C:\Users\James\AppData\Local\Android\sdk\build-tools\24.0.1\lib\dx.jar
Launcher Type: SUN_STANDARD

Environment Variables:
PATH=C:\Program Files (x86)\NVIDIA Corporation\PhysX\Common;C:\ProgramData\Oracle\Java\javapath;C:\Windows\system32;C:\Windows;C:\Windows\System32\Wbem;C:\Windows\System32\WindowsPowerShell\v1.0\;C:\Program Files (x86)\Skype\Phone\;C:\Program Files\Microsoft SQL Server\130\Tools\Binn\;C:\Program Files (x86)\Windows Kits\10\Windows Performance Toolkit\
USERNAME=James
OS=Windows_NT
PROCESSOR_IDENTIFIER=Intel64 Family 6 Model 15 Stepping 11, GenuineIntel



---------------  S Y S T E M  ---------------

OS: Windows 8.1 , 64 bit Build 9600 (6.3.9600.17415)

CPU:total 4 (4 cores per cpu, 1 threads per core) family 6 model 15 stepping 11, cmov, cx8, fxsr, mmx, sse, sse2, sse3, ssse3, tsc

Memory: 4k page, physical 3143604k(415480k free), swap 8495564k(1580676k free)

vm_info: Java HotSpot(TM) 64-Bit Server VM (25.102-b14) for windows-amd64 JRE (1.8.0_102-b14), built on Jun 22 2016 13:15:21 by "java_re" with MS VC++ 10.0 (VS2010)

time: Wed Aug 24 18:41:18 2016
elapsed time: 2 seconds (0d 0h 0m 2s)

