#
# A fatal error has been detected by the Java Runtime Environment:
#
#  EXCEPTION_ACCESS_VIOLATION (0xc0000005) at pc=0xffffffffa32d5120, pid=3784, tid=0x0000000000000ce8
#
# JRE version: Java(TM) SE Runtime Environment (8.0_102-b14) (build 1.8.0_102-b14)
# Java VM: Java HotSpot(TM) 64-Bit Server VM (25.102-b14 mixed mode windows-amd64 compressed oops)
# Problematic frame:
# C  0xffffffffa32d5120
#
# Failed to write core dump. Minidumps are not enabled by default on client versions of Windows
#
# If you would like to submit a bug report, please visit:
#   http://bugreport.java.com/bugreport/crash.jsp
#

---------------  T H R E A D  ---------------

Current thread (0x00000000021d0800):  JavaThread "main" [_thread_in_Java, id=3304, stack(0x00000000020a0000,0x00000000021a0000)]

siginfo: ExceptionCode=0xc0000005, ExceptionInformation=0x0000000000000008 0xffffffffa32d5120

Registers:
RAX=0x0000000014020480, RBX=0x0000000014020480, RCX=0x00000000eabd87e0, RDX=0x00000000eabd87e0
RSP=0x000000000219ced8, RBP=0x000000000219cf38, RSI=0x0000000020006780, RDI=0x00000000022d7e20
R8 =0x000000000219cf20, R9 =0x0000000000000040, R10=0x000000006af5c0c0, R11=0x00000000023d9f40
R12=0x0000000000000000, R13=0x000000000219cef0, R14=0x000000000219cf68, R15=0x00000000021d0800
RIP=0xffffffffa32d5120, EFLAGS=0x0000000000010202

Top of Stack: (sp=0x000000000219ced8)
0x000000000219ced8:   00000000022d809d 0000000000000000
0x000000000219cee8:   00000000022d809d 00000000eabd87e0
0x000000000219cef8:   000000000219cef8 00000000141c2011
0x000000000219cf08:   000000000219cf68 00000000141ca070
0x000000000219cf18:   0000000000000000 00000000141c2038
0x000000000219cf28:   000000000219cef0 000000000219cf48
0x000000000219cf38:   000000000219cfd0 00000000022d809d
0x000000000219cf48:   0000000000000000 00000000eabd87d0
0x000000000219cf58:   00000000eabd8758 000000003b2dcc4c
0x000000000219cf68:   00000000eabd87e0 00000000eabd87e0
0x000000000219cf78:   0000000000000000 000000000000000c
0x000000000219cf88:   00000000eabd01f8 000000000219cf90
0x000000000219cf98:   00000000141b898c 000000000219d060
0x000000000219cfa8:   00000000141be088 0000000000000000
0x000000000219cfb8:   00000000141b8ae0 000000000219cf48
0x000000000219cfc8:   000000000219d048 000000000219d0a8 

Instructions: (pc=0xffffffffa32d5120)
0xffffffffa32d5100:   
[error occurred during error reporting (printing registers, top of stack, instructions near pc), id 0xc0000005]

Register to memory mapping:

RAX={method} {0x0000000014020488} '<init>' '()V' in 'java/lang/Object'
RBX={method} {0x0000000014020488} '<init>' '()V' in 'java/lang/Object'
RCX=0x00000000eabd87e0 is an oop
java.util.concurrent.ConcurrentHashMap$Node 
 - klass: 'java/util/concurrent/ConcurrentHashMap$Node'
RDX=0x00000000eabd87e0 is an oop
java.util.concurrent.ConcurrentHashMap$Node 
 - klass: 'java/util/concurrent/ConcurrentHashMap$Node'
RSP=0x000000000219ced8 is pointing into the stack for thread: 0x00000000021d0800
RBP=0x000000000219cf38 is pointing into the stack for thread: 0x00000000021d0800
RSI=0x0000000020006780 is an unknown value
RDI=0x00000000022d7e20 is at code_begin+1664 in an Interpreter codelet
invoke return entry points  [0x00000000022d77a0, 0x00000000022d8180]  2528 bytes
R8 =0x000000000219cf20 is pointing into the stack for thread: 0x00000000021d0800
R9 =0x0000000000000040 is an unknown value
R10=0x000000006af5c0c0 is an unknown value
R11=0x00000000023d9f40 is at entry_point+32 in (nmethod*)0x00000000023d9dd0
R12=0x0000000000000000 is an unknown value
R13=0x000000000219cef0 is pointing into the stack for thread: 0x00000000021d0800
R14=0x000000000219cf68 is pointing into the stack for thread: 0x00000000021d0800
R15=0x00000000021d0800 is a thread


Stack: [0x00000000020a0000,0x00000000021a0000],  sp=0x000000000219ced8,  free space=1011k
Native frames: (J=compiled Java code, j=interpreted, Vv=VM code, C=native code)
C  0xffffffffa32d5120


---------------  P R O C E S S  ---------------

Java Threads: ( => current thread )
  0x0000000014a1e000 JavaThread "Service Thread" daemon [_thread_blocked, id=5444, stack(0x0000000016710000,0x0000000016810000)]
  0x0000000016218800 JavaThread "C1 CompilerThread2" daemon [_thread_blocked, id=3384, stack(0x0000000016610000,0x0000000016710000)]
  0x00000000149c3800 JavaThread "C2 CompilerThread1" daemon [_thread_blocked, id=6576, stack(0x0000000016110000,0x0000000016210000)]
  0x00000000149c8000 JavaThread "C2 CompilerThread0" daemon [_thread_blocked, id=5592, stack(0x0000000016010000,0x0000000016110000)]
  0x00000000149c6000 JavaThread "Attach Listener" daemon [_thread_blocked, id=6220, stack(0x0000000015f10000,0x0000000016010000)]
  0x00000000149c5000 JavaThread "Signal Dispatcher" daemon [_thread_blocked, id=5124, stack(0x0000000015e10000,0x0000000015f10000)]
  0x00000000022ca800 JavaThread "Finalizer" daemon [_thread_blocked, id=6832, stack(0x0000000015c20000,0x0000000015d20000)]
  0x0000000014989000 JavaThread "Reference Handler" daemon [_thread_blocked, id=4132, stack(0x0000000015b20000,0x0000000015c20000)]
=>0x00000000021d0800 JavaThread "main" [_thread_in_Java, id=3304, stack(0x00000000020a0000,0x00000000021a0000)]

Other Threads:
  0x0000000014986800 VMThread [stack: 0x0000000015a20000,0x0000000015b20000] [id=5732]
  0x000000001622e800 WatcherThread [stack: 0x0000000016810000,0x0000000016910000] [id=7396]

VM state:not at safepoint (normal execution)

VM Mutex/Monitor currently owned by a thread: None

Heap:
 PSYoungGen      total 14336K, used 983K [0x00000000eab00000, 0x00000000ebb00000, 0x0000000100000000)
  eden space 12288K, 8% used [0x00000000eab00000,0x00000000eabf5e38,0x00000000eb700000)
  from space 2048K, 0% used [0x00000000eb900000,0x00000000eb900000,0x00000000ebb00000)
  to   space 2048K, 0% used [0x00000000eb700000,0x00000000eb700000,0x00000000eb900000)
 ParOldGen       total 32768K, used 0K [0x00000000c0000000, 0x00000000c2000000, 0x00000000eab00000)
  object space 32768K, 0% used [0x00000000c0000000,0x00000000c0000000,0x00000000c2000000)
 Metaspace       used 2854K, capacity 4556K, committed 4864K, reserved 1056768K
  class space    used 310K, capacity 388K, committed 512K, reserved 1048576K

Card table byte_map: [0x0000000011690000,0x00000000118a0000] byte_map_base: 0x0000000011090000

Marking Bits: (ParMarkBitMap*) 0x000000006af7a6c0
 Begin Bits: [0x0000000011e00000, 0x0000000012e00000)
 End Bits:   [0x0000000012e00000, 0x0000000013e00000)

Polling page: 0x0000000002060000

CodeCache: size=245760Kb used=1119Kb max_used=1119Kb free=244640Kb
 bounds [0x00000000022d0000, 0x0000000002540000, 0x00000000112d0000]
 total_blobs=268 nmethods=35 adapters=148
 compilation: enabled

Compilation events (10 events):
Event: 0.643 Thread 0x0000000016218800   31       3       java.lang.System::getSecurityManager (4 bytes)
Event: 0.644 Thread 0x0000000016218800 nmethod 31 0x00000000023e3f90 code [0x00000000023e40e0, 0x00000000023e4210]
Event: 0.644 Thread 0x0000000016218800   32       3       java.lang.String::startsWith (72 bytes)
Event: 0.645 Thread 0x0000000016218800 nmethod 32 0x00000000023e6990 code [0x00000000023e6b00, 0x00000000023e6e30]
Event: 0.645 Thread 0x0000000016218800   33       3       java.lang.String::startsWith (7 bytes)
Event: 0.645 Thread 0x0000000016218800 nmethod 33 0x00000000023e3b90 code [0x00000000023e3d00, 0x00000000023e3f08]
Event: 0.645 Thread 0x0000000016218800   34       3       java.util.HashMap::hash (20 bytes)
Event: 0.645 Thread 0x0000000016218800 nmethod 34 0x00000000023e7010 code [0x00000000023e7180, 0x00000000023e73c8]
Event: 0.646 Thread 0x0000000016218800   35       1       java.lang.Object::<init> (1 bytes)
Event: 0.646 Thread 0x0000000016218800 nmethod 35 0x00000000023e7c10 code [0x00000000023e7d60, 0x00000000023e7e70]

GC Heap History (0 events):
No events

Deoptimization events (0 events):
No events

Internal exceptions (2 events):
Event: 0.317 Thread 0x00000000021d0800 Exception <a 'java/lang/NoSuchMethodError': Method sun.misc.Unsafe.defineClass(Ljava/lang/String;[BII)Ljava/lang/Class; name or signature does not match> (0x00000000eab07c78) thrown at [C:\re\workspace\8-2-build-windows-amd64-cygwin\jdk8u102\7268\hotspot\s”niDÔ?
Event: 0.317 Thread 0x00000000021d0800 Exception <a 'java/lang/NoSuchMethodError': Method sun.misc.Unsafe.prefetchRead(Ljava/lang/Object;J)V name or signature does not match> (0x00000000eab07f60) thrown at [C:\re\workspace\8-2-build-windows-amd64-cygwin\jdk8u102\7268\hotspot\src\share\vm\prims\

Events (10 events):
Event: 0.644 loading class java/lang/AssertionError
Event: 0.644 loading class java/lang/AssertionError done
Event: 0.644 loading class com/android/dex/DexException
Event: 0.644 loading class com/android/dex/DexException done
Event: 0.645 loading class com/android/dex/util/ExceptionWithContext
Event: 0.645 loading class com/android/dex/util/ExceptionWithContext done
Event: 0.645 loading class java/util/concurrent/Callable
Event: 0.645 loading class java/util/concurrent/Callable done
Event: 0.646 loading class com/android/dx/command/dexer/Main$StopProcessing
Event: 0.646 loading class com/android/dx/command/dexer/Main$StopProcessing done


Dynamic libraries:
0x00007ff6812b0000 - 0x00007ff6812e7000 	C:\Program Files\Java\jdk1.8.0_102\bin\java.exe
0x00007ff91c400000 - 0x00007ff91c5ad000 	C:\Windows\SYSTEM32\ntdll.dll
0x00007ff91a4c0000 - 0x00007ff91a5fe000 	C:\Windows\system32\KERNEL32.DLL
0x00007ff919910000 - 0x00007ff919a25000 	C:\Windows\system32\KERNELBASE.dll
0x00007ff918100000 - 0x00007ff91818e000 	C:\Windows\system32\apphelp.dll
0x00007ff90efc0000 - 0x00007ff90f013000 	C:\Windows\AppPatch\AppPatch64\AcGenral.DLL
0x00007ff919a90000 - 0x00007ff919b3a000 	C:\Windows\system32\msvcrt.dll
0x00007ff919600000 - 0x00007ff91962e000 	C:\Windows\system32\SspiCli.dll
0x00007ff919c10000 - 0x00007ff919c64000 	C:\Windows\system32\SHLWAPI.dll
0x00007ff91a790000 - 0x00007ff91a907000 	C:\Windows\system32\USER32.dll
0x00007ff91ad20000 - 0x00007ff91aeb4000 	C:\Windows\system32\ole32.dll
0x00007ff91aed0000 - 0x00007ff91c3f9000 	C:\Windows\system32\SHELL32.dll
0x00007ff918b00000 - 0x00007ff918b21000 	C:\Windows\SYSTEM32\USERENV.dll
0x00007ff91a1e0000 - 0x00007ff91a28a000 	C:\Windows\system32\ADVAPI32.dll
0x00007ff90bfd0000 - 0x00007ff90bfee000 	C:\Windows\SYSTEM32\MPR.dll
0x00007ff91a040000 - 0x00007ff91a180000 	C:\Windows\system32\RPCRT4.dll
0x00007ff91a180000 - 0x00007ff91a1d9000 	C:\Windows\SYSTEM32\sechost.dll
0x00007ff91aaa0000 - 0x00007ff91acb1000 	C:\Windows\SYSTEM32\combase.dll
0x00007ff91a910000 - 0x00007ff91aa5f000 	C:\Windows\system32\GDI32.dll
0x00007ff919530000 - 0x00007ff919545000 	C:\Windows\SYSTEM32\profapi.dll
0x00007ff917ab0000 - 0x00007ff917b62000 	C:\Windows\SYSTEM32\SHCORE.dll
0x00007ff91aa60000 - 0x00007ff91aa96000 	C:\Windows\system32\IMM32.DLL
0x00007ff919c80000 - 0x00007ff919dd2000 	C:\Windows\system32\MSCTF.dll
0x00007ff917230000 - 0x00007ff9174ab000 	C:\Windows\WinSxS\amd64_microsoft.windows.common-controls_6595b64144ccf1df_6.0.9600.18006_none_623f33d3ecbe86e8\COMCTL32.dll
0x000000006a350000 - 0x000000006a421000 	C:\Program Files\Java\jdk1.8.0_102\jre\bin\msvcr100.dll
0x000000006a760000 - 0x000000006affa000 	C:\Program Files\Java\jdk1.8.0_102\jre\bin\server\jvm.dll
0x00007ff911430000 - 0x00007ff911439000 	C:\Windows\SYSTEM32\WSOCK32.dll
0x00007ff915bc0000 - 0x00007ff915be2000 	C:\Windows\SYSTEM32\WINMM.dll
0x00007ff915ff0000 - 0x00007ff915ffa000 	C:\Windows\SYSTEM32\VERSION.dll
0x00007ff91aec0000 - 0x00007ff91aec7000 	C:\Windows\system32\PSAPI.DLL
0x00007ff91acc0000 - 0x00007ff91ad1a000 	C:\Windows\system32\WS2_32.dll
0x00007ff915b20000 - 0x00007ff915b4a000 	C:\Windows\SYSTEM32\WINMMBASE.dll
0x00007ff91a4b0000 - 0x00007ff91a4b9000 	C:\Windows\system32\NSI.dll
0x00007ff9196e0000 - 0x00007ff91972f000 	C:\Windows\SYSTEM32\cfgmgr32.dll
0x00007ff918350000 - 0x00007ff918378000 	C:\Windows\SYSTEM32\DEVOBJ.dll
0x000000006b3c0000 - 0x000000006b3cf000 	C:\Program Files\Java\jdk1.8.0_102\jre\bin\verify.dll
0x000000006b390000 - 0x000000006b3b9000 	C:\Program Files\Java\jdk1.8.0_102\jre\bin\java.dll
0x000000006b370000 - 0x000000006b386000 	C:\Program Files\Java\jdk1.8.0_102\jre\bin\zip.dll
0x00007ff8f75c0000 - 0x00007ff8f7749000 	C:\Windows\SYSTEM32\dbghelp.dll

VM Arguments:
jvm_args: -Djava.awt.headless=true -Xmx1024M -Dfile.encoding=windows-1252 -Duser.country=AU -Duser.language=en -Duser.variant 
java_command: com.android.dx.command.Main --dex --force-jumbo --num-threads=4 --multi-dex --output Y:\AndroidStudioProjects\JobRecord\app\build\intermediates\transforms\dex\debug\folders\1000\5\slice_5 Y:\AndroidStudioProjects\JobRecord\app\build\intermediates\transforms\instantRunSlicer\debug\folders\1\5\slice_5
java_class_path (initial): C:\Users\James\AppData\Local\Android\sdk\build-tools\24.0.1\lib\dx.jar
Launcher Type: SUN_STANDARD

Environment Variables:
PATH=C:\Program Files (x86)\NVIDIA Corporation\PhysX\Common;C:\ProgramData\Oracle\Java\javapath;C:\Windows\system32;C:\Windows;C:\Windows\System32\Wbem;C:\Windows\System32\WindowsPowerShell\v1.0\;C:\Program Files (x86)\Skype\Phone\;C:\Program Files\Microsoft SQL Server\130\Tools\Binn\;C:\Program Files (x86)\Windows Kits\10\Windows Performance Toolkit\;C:\adb
USERNAME=James
OS=Windows_NT
PROCESSOR_IDENTIFIER=Intel64 Family 6 Model 15 Stepping 11, GenuineIntel



---------------  S Y S T E M  ---------------

OS: Windows 8.1 , 64 bit Build 9600 (6.3.9600.17415)

CPU:total 4 (4 cores per cpu, 1 threads per core) family 6 model 15 stepping 11, cmov, cx8, fxsr, mmx, sse, sse2, sse3, ssse3, tsc

Memory: 4k page, physical 3143604k(363608k free), swap 8084712k(3553692k free)

vm_info: Java HotSpot(TM) 64-Bit Server VM (25.102-b14) for windows-amd64 JRE (1.8.0_102-b14), built on Jun 22 2016 13:15:21 by "java_re" with MS VC++ 10.0 (VS2010)

time: Tue Aug 30 16:21:04 2016
elapsed time: 0 seconds (0d 0h 0m 0s)

